Determining if the system is big endian passed with the following output:
Change Dir: /Users/matthewfonken/Desktop/opencv-2.4.10/staticlibs/CMakeFiles/CMakeTmp

Run Build Command:"/usr/bin/make" "cmTryCompileExec1989556320/fast"
/Applications/Xcode.app/Contents/Developer/usr/bin/make -f CMakeFiles/cmTryCompileExec1989556320.dir/build.make CMakeFiles/cmTryCompileExec1989556320.dir/build
/Applications/CMake.app/Contents/bin/cmake -E cmake_progress_report /Users/matthewfonken/Desktop/opencv-2.4.10/staticlibs/CMakeFiles/CMakeTmp/CMakeFiles 1
Building C object CMakeFiles/cmTryCompileExec1989556320.dir/TestEndianess.c.o
/usr/bin/cc   -fsigned-char -W -Werror=return-type -Werror=address -Werror=sequence-point -Wformat -Werror=format-security -Wmissing-declarations -Wmissing-prototypes -Wstrict-prototypes -Wundef -Winit-self -Wpointer-arith -Wshadow -Wsign-promo -Wno-narrowing -Wno-delete-non-virtual-dtor -Wno-unnamed-type-template-args -fdiagnostics-show-option -Wno-long-long -fno-omit-frame-pointer -msse -msse2 -msse3  -O3 -DNDEBUG -isysroot /Applications/Xcode.app/Contents/Developer/Platforms/MacOSX.platform/Developer/SDKs/MacOSX10.10.sdk   -o CMakeFiles/cmTryCompileExec1989556320.dir/TestEndianess.c.o   -c /Users/matthewfonken/Desktop/opencv-2.4.10/staticlibs/CMakeFiles/CMakeTmp/TestEndianess.c
Linking C executable cmTryCompileExec1989556320
/Applications/CMake.app/Contents/bin/cmake -E cmake_link_script CMakeFiles/cmTryCompileExec1989556320.dir/link.txt --verbose=1
/usr/bin/cc     -fsigned-char -W -Werror=return-type -Werror=address -Werror=sequence-point -Wformat -Werror=format-security -Wmissing-declarations -Wmissing-prototypes -Wstrict-prototypes -Wundef -Winit-self -Wpointer-arith -Wshadow -Wsign-promo -Wno-narrowing -Wno-delete-non-virtual-dtor -Wno-unnamed-type-template-args -fdiagnostics-show-option -Wno-long-long -fno-omit-frame-pointer -msse -msse2 -msse3  -O3 -DNDEBUG -isysroot /Applications/Xcode.app/Contents/Developer/Platforms/MacOSX.platform/Developer/SDKs/MacOSX10.10.sdk -Wl,-search_paths_first -Wl,-headerpad_max_install_names  CMakeFiles/cmTryCompileExec1989556320.dir/TestEndianess.c.o  -o cmTryCompileExec1989556320  

TestEndianess.c:
/* A 16 bit integer is required. */
typedef unsigned short cmakeint16;

/* On a little endian machine, these 16bit ints will give "THIS IS LITTLE ENDIAN."
   On a big endian machine the characters will be exchanged pairwise. */
const cmakeint16 info_little[] =  {0x4854, 0x5349, 0x4920, 0x2053, 0x494c, 0x5454, 0x454c, 0x4520, 0x444e, 0x4149, 0x2e4e, 0x0000};

/* on a big endian machine, these 16bit ints will give "THIS IS BIG ENDIAN."
   On a little endian machine the characters will be exchanged pairwise. */
const cmakeint16 info_big[] =     {0x5448, 0x4953, 0x2049, 0x5320, 0x4249, 0x4720, 0x454e, 0x4449, 0x414e, 0x2e2e, 0x0000};

#ifdef __CLASSIC_C__
int main(argc, argv) int argc; char *argv[];
#else
int main(int argc, char *argv[])
#endif
{
  int require = 0;
  require += info_little[argc];
  require += info_big[argc];
  (void)argv;
  return require;
}


Determining size of off64_t failed with the following output:
Change Dir: /Users/matthewfonken/Desktop/opencv-2.4.10/staticlibs/CMakeFiles/CMakeTmp

Run Build Command:"/usr/bin/make" "cmTryCompileExec4078401753/fast"
/Applications/Xcode.app/Contents/Developer/usr/bin/make -f CMakeFiles/cmTryCompileExec4078401753.dir/build.make CMakeFiles/cmTryCompileExec4078401753.dir/build
/Applications/CMake.app/Contents/bin/cmake -E cmake_progress_report /Users/matthewfonken/Desktop/opencv-2.4.10/staticlibs/CMakeFiles/CMakeTmp/CMakeFiles 1
Building C object CMakeFiles/cmTryCompileExec4078401753.dir/OFF64_T.c.o
/usr/bin/cc   -fsigned-char -W -Werror=return-type -Werror=address -Werror=sequence-point -Wformat -Werror=format-security -Wmissing-declarations -Wmissing-prototypes -Wstrict-prototypes -Wundef -Winit-self -Wpointer-arith -Wshadow -Wsign-promo -Wno-narrowing -Wno-delete-non-virtual-dtor -Wno-unnamed-type-template-args -fdiagnostics-show-option -Wno-long-long -fno-omit-frame-pointer -msse -msse2 -msse3  -O3 -DNDEBUG -isysroot /Applications/Xcode.app/Contents/Developer/Platforms/MacOSX.platform/Developer/SDKs/MacOSX10.10.sdk   -o CMakeFiles/cmTryCompileExec4078401753.dir/OFF64_T.c.o   -c /Users/matthewfonken/Desktop/opencv-2.4.10/staticlibs/CMakeFiles/CheckTypeSize/OFF64_T.c
/Users/matthewfonken/Desktop/opencv-2.4.10/staticlibs/CMakeFiles/CheckTypeSize/OFF64_T.c:19:12: error: use of undeclared identifier 'off64_t'; did you mean 'off_t'?
  ('0' + ((SIZE / 10000)%10)),
           ^
/Users/matthewfonken/Desktop/opencv-2.4.10/staticlibs/CMakeFiles/CheckTypeSize/OFF64_T.c:17:22: note: expanded from macro 'SIZE'
#define SIZE (sizeof(off64_t))
                     ^
/Applications/Xcode.app/Contents/Developer/Platforms/MacOSX.platform/Developer/SDKs/MacOSX10.10.sdk/usr/include/sys/_types/_off_t.h:30:25: note: 'off_t' declared here
typedef __darwin_off_t          off_t;
                                ^
/Users/matthewfonken/Desktop/opencv-2.4.10/staticlibs/CMakeFiles/CheckTypeSize/OFF64_T.c:20:12: error: use of undeclared identifier 'off64_t'; did you mean 'off_t'?
  ('0' + ((SIZE / 1000)%10)),
           ^
/Users/matthewfonken/Desktop/opencv-2.4.10/staticlibs/CMakeFiles/CheckTypeSize/OFF64_T.c:17:22: note: expanded from macro 'SIZE'
#define SIZE (sizeof(off64_t))
                     ^
/Applications/Xcode.app/Contents/Developer/Platforms/MacOSX.platform/Developer/SDKs/MacOSX10.10.sdk/usr/include/sys/_types/_off_t.h:30:25: note: 'off_t' declared here
typedef __darwin_off_t          off_t;
                                ^
/Users/matthewfonken/Desktop/opencv-2.4.10/staticlibs/CMakeFiles/CheckTypeSize/OFF64_T.c:21:12: error: use of undeclared identifier 'off64_t'; did you mean 'off_t'?
  ('0' + ((SIZE / 100)%10)),
           ^
/Users/matthewfonken/Desktop/opencv-2.4.10/staticlibs/CMakeFiles/CheckTypeSize/OFF64_T.c:17:22: note: expanded from macro 'SIZE'
#define SIZE (sizeof(off64_t))
                     ^
/Applications/Xcode.app/Contents/Developer/Platforms/MacOSX.platform/Developer/SDKs/MacOSX10.10.sdk/usr/include/sys/_types/_off_t.h:30:25: note: 'off_t' declared here
typedef __darwin_off_t          off_t;
                                ^
/Users/matthewfonken/Desktop/opencv-2.4.10/staticlibs/CMakeFiles/CheckTypeSize/OFF64_T.c:22:12: error: use of undeclared identifier 'off64_t'; did you mean 'off_t'?
  ('0' + ((SIZE / 10)%10)),
           ^
/Users/matthewfonken/Desktop/opencv-2.4.10/staticlibs/CMakeFiles/CheckTypeSize/OFF64_T.c:17:22: note: expanded from macro 'SIZE'
#define SIZE (sizeof(off64_t))
                     ^
/Applications/Xcode.app/Contents/Developer/Platforms/MacOSX.platform/Developer/SDKs/MacOSX10.10.sdk/usr/include/sys/_types/_off_t.h:30:25: note: 'off_t' declared here
typedef __darwin_off_t          off_t;
                                ^
/Users/matthewfonken/Desktop/opencv-2.4.10/staticlibs/CMakeFiles/CheckTypeSize/OFF64_T.c:23:12: error: use of undeclared identifier 'off64_t'; did you mean 'off_t'?
  ('0' +  (SIZE    % 10)),
           ^
/Users/matthewfonken/Desktop/opencv-2.4.10/staticlibs/CMakeFiles/CheckTypeSize/OFF64_T.c:17:22: note: expanded from macro 'SIZE'
#define SIZE (sizeof(off64_t))
                     ^
/Applications/Xcode.app/Contents/Developer/Platforms/MacOSX.platform/Developer/SDKs/MacOSX10.10.sdk/usr/include/sys/_types/_off_t.h:30:25: note: 'off_t' declared here
typedef __darwin_off_t          off_t;
                                ^
5 errors generated.
make[1]: *** [CMakeFiles/cmTryCompileExec4078401753.dir/OFF64_T.c.o] Error 1
make: *** [cmTryCompileExec4078401753/fast] Error 2

/Users/matthewfonken/Desktop/opencv-2.4.10/staticlibs/CMakeFiles/CheckTypeSize/OFF64_T.c:
#include <sys/types.h>
#include <stdint.h>
#include <stddef.h>


#undef KEY
#if defined(__i386)
# define KEY '_','_','i','3','8','6'
#elif defined(__x86_64)
# define KEY '_','_','x','8','6','_','6','4'
#elif defined(__ppc__)
# define KEY '_','_','p','p','c','_','_'
#elif defined(__ppc64__)
# define KEY '_','_','p','p','c','6','4','_','_'
#endif

#define SIZE (sizeof(off64_t))
char info_size[] =  {'I', 'N', 'F', 'O', ':', 's','i','z','e','[',
  ('0' + ((SIZE / 10000)%10)),
  ('0' + ((SIZE / 1000)%10)),
  ('0' + ((SIZE / 100)%10)),
  ('0' + ((SIZE / 10)%10)),
  ('0' +  (SIZE    % 10)),
  ']',
#ifdef KEY
  ' ','k','e','y','[', KEY, ']',
#endif
  '\0'};

#ifdef __CLASSIC_C__
int main(argc, argv) int argc; char *argv[];
#else
int main(int argc, char *argv[])
#endif
{
  int require = 0;
  require += info_size[argc];
  (void)argv;
  return require;
}


Determining if the include file io.h exists failed with the following output:
Change Dir: /Users/matthewfonken/Desktop/opencv-2.4.10/staticlibs/CMakeFiles/CMakeTmp

Run Build Command:"/usr/bin/make" "cmTryCompileExec2339918609/fast"
/Applications/Xcode.app/Contents/Developer/usr/bin/make -f CMakeFiles/cmTryCompileExec2339918609.dir/build.make CMakeFiles/cmTryCompileExec2339918609.dir/build
/Applications/CMake.app/Contents/bin/cmake -E cmake_progress_report /Users/matthewfonken/Desktop/opencv-2.4.10/staticlibs/CMakeFiles/CMakeTmp/CMakeFiles 1
Building C object CMakeFiles/cmTryCompileExec2339918609.dir/CheckIncludeFile.c.o
/usr/bin/cc   -fsigned-char -W -Werror=return-type -Werror=address -Werror=sequence-point -Wformat -Werror=format-security -Wmissing-declarations -Wmissing-prototypes -Wstrict-prototypes -Wundef -Winit-self -Wpointer-arith -Wshadow -Wsign-promo -Wno-narrowing -Wno-delete-non-virtual-dtor -Wno-unnamed-type-template-args -fdiagnostics-show-option -Wno-long-long -fno-omit-frame-pointer -msse -msse2 -msse3  -O3 -DNDEBUG -isysroot /Applications/Xcode.app/Contents/Developer/Platforms/MacOSX.platform/Developer/SDKs/MacOSX10.10.sdk   -o CMakeFiles/cmTryCompileExec2339918609.dir/CheckIncludeFile.c.o   -c /Users/matthewfonken/Desktop/opencv-2.4.10/staticlibs/CMakeFiles/CMakeTmp/CheckIncludeFile.c
/Users/matthewfonken/Desktop/opencv-2.4.10/staticlibs/CMakeFiles/CMakeTmp/CheckIncludeFile.c:1:10: fatal error: 'io.h' file not found
#include <io.h>
         ^
1 error generated.
make[1]: *** [CMakeFiles/cmTryCompileExec2339918609.dir/CheckIncludeFile.c.o] Error 1
make: *** [cmTryCompileExec2339918609/fast] Error 2


Determining if the function jbg_newlen exists failed with the following output:
Change Dir: /Users/matthewfonken/Desktop/opencv-2.4.10/staticlibs/CMakeFiles/CMakeTmp

Run Build Command:"/usr/bin/make" "cmTryCompileExec1740197906/fast"
/Applications/Xcode.app/Contents/Developer/usr/bin/make -f CMakeFiles/cmTryCompileExec1740197906.dir/build.make CMakeFiles/cmTryCompileExec1740197906.dir/build
/Applications/CMake.app/Contents/bin/cmake -E cmake_progress_report /Users/matthewfonken/Desktop/opencv-2.4.10/staticlibs/CMakeFiles/CMakeTmp/CMakeFiles 1
Building C object CMakeFiles/cmTryCompileExec1740197906.dir/CheckFunctionExists.c.o
/usr/bin/cc   -fsigned-char -W -Werror=return-type -Werror=address -Werror=sequence-point -Wformat -Werror=format-security -Wmissing-declarations -Wmissing-prototypes -Wstrict-prototypes -Wundef -Winit-self -Wpointer-arith -Wshadow -Wsign-promo -Wno-narrowing -Wno-delete-non-virtual-dtor -Wno-unnamed-type-template-args -fdiagnostics-show-option -Wno-long-long -fno-omit-frame-pointer -msse -msse2 -msse3 -DCHECK_FUNCTION_EXISTS=jbg_newlen -O3 -DNDEBUG -isysroot /Applications/Xcode.app/Contents/Developer/Platforms/MacOSX.platform/Developer/SDKs/MacOSX10.10.sdk   -o CMakeFiles/cmTryCompileExec1740197906.dir/CheckFunctionExists.c.o   -c /Applications/CMake.app/Contents/share/cmake-3.1/Modules/CheckFunctionExists.c
Linking C executable cmTryCompileExec1740197906
/Applications/CMake.app/Contents/bin/cmake -E cmake_link_script CMakeFiles/cmTryCompileExec1740197906.dir/link.txt --verbose=1
/usr/bin/cc     -fsigned-char -W -Werror=return-type -Werror=address -Werror=sequence-point -Wformat -Werror=format-security -Wmissing-declarations -Wmissing-prototypes -Wstrict-prototypes -Wundef -Winit-self -Wpointer-arith -Wshadow -Wsign-promo -Wno-narrowing -Wno-delete-non-virtual-dtor -Wno-unnamed-type-template-args -fdiagnostics-show-option -Wno-long-long -fno-omit-frame-pointer -msse -msse2 -msse3 -DCHECK_FUNCTION_EXISTS=jbg_newlen -O3 -DNDEBUG -isysroot /Applications/Xcode.app/Contents/Developer/Platforms/MacOSX.platform/Developer/SDKs/MacOSX10.10.sdk -Wl,-search_paths_first -Wl,-headerpad_max_install_names  CMakeFiles/cmTryCompileExec1740197906.dir/CheckFunctionExists.c.o  -o cmTryCompileExec1740197906  
Undefined symbols for architecture x86_64:
  "_jbg_newlen", referenced from:
      _main in CheckFunctionExists.c.o
ld: symbol(s) not found for architecture x86_64
clang: error: linker command failed with exit code 1 (use -v to see invocation)
make[1]: *** [cmTryCompileExec1740197906] Error 1
make: *** [cmTryCompileExec1740197906/fast] Error 2


Determining if the include file linux/videodev.h exists failed with the following output:
Change Dir: /Users/matthewfonken/Desktop/opencv-2.4.10/staticlibs/CMakeFiles/CMakeTmp

Run Build Command:"/usr/bin/make" "cmTryCompileExec3378509419/fast"
/Applications/Xcode.app/Contents/Developer/usr/bin/make -f CMakeFiles/cmTryCompileExec3378509419.dir/build.make CMakeFiles/cmTryCompileExec3378509419.dir/build
/Applications/CMake.app/Contents/bin/cmake -E cmake_progress_report /Users/matthewfonken/Desktop/opencv-2.4.10/staticlibs/CMakeFiles/CMakeTmp/CMakeFiles 1
Building C object CMakeFiles/cmTryCompileExec3378509419.dir/CheckIncludeFile.c.o
/usr/bin/cc   -fsigned-char -W -Werror=return-type -Werror=address -Werror=sequence-point -Wformat -Werror=format-security -Wmissing-declarations -Wmissing-prototypes -Wstrict-prototypes -Wundef -Winit-self -Wpointer-arith -Wshadow -Wsign-promo -Wno-narrowing -Wno-delete-non-virtual-dtor -Wno-unnamed-type-template-args -fdiagnostics-show-option -Wno-long-long -fno-omit-frame-pointer -msse -msse2 -msse3  -O3 -DNDEBUG -isysroot /Applications/Xcode.app/Contents/Developer/Platforms/MacOSX.platform/Developer/SDKs/MacOSX10.10.sdk   -o CMakeFiles/cmTryCompileExec3378509419.dir/CheckIncludeFile.c.o   -c /Users/matthewfonken/Desktop/opencv-2.4.10/staticlibs/CMakeFiles/CMakeTmp/CheckIncludeFile.c
/Users/matthewfonken/Desktop/opencv-2.4.10/staticlibs/CMakeFiles/CMakeTmp/CheckIncludeFile.c:1:10: fatal error: 'linux/videodev.h' file not found
#include <linux/videodev.h>
         ^
1 error generated.
make[1]: *** [CMakeFiles/cmTryCompileExec3378509419.dir/CheckIncludeFile.c.o] Error 1
make: *** [cmTryCompileExec3378509419/fast] Error 2


Determining if the include file linux/videodev2.h exists failed with the following output:
Change Dir: /Users/matthewfonken/Desktop/opencv-2.4.10/staticlibs/CMakeFiles/CMakeTmp

Run Build Command:"/usr/bin/make" "cmTryCompileExec2778745313/fast"
/Applications/Xcode.app/Contents/Developer/usr/bin/make -f CMakeFiles/cmTryCompileExec2778745313.dir/build.make CMakeFiles/cmTryCompileExec2778745313.dir/build
/Applications/CMake.app/Contents/bin/cmake -E cmake_progress_report /Users/matthewfonken/Desktop/opencv-2.4.10/staticlibs/CMakeFiles/CMakeTmp/CMakeFiles 1
Building C object CMakeFiles/cmTryCompileExec2778745313.dir/CheckIncludeFile.c.o
/usr/bin/cc   -fsigned-char -W -Werror=return-type -Werror=address -Werror=sequence-point -Wformat -Werror=format-security -Wmissing-declarations -Wmissing-prototypes -Wstrict-prototypes -Wundef -Winit-self -Wpointer-arith -Wshadow -Wsign-promo -Wno-narrowing -Wno-delete-non-virtual-dtor -Wno-unnamed-type-template-args -fdiagnostics-show-option -Wno-long-long -fno-omit-frame-pointer -msse -msse2 -msse3  -O3 -DNDEBUG -isysroot /Applications/Xcode.app/Contents/Developer/Platforms/MacOSX.platform/Developer/SDKs/MacOSX10.10.sdk   -o CMakeFiles/cmTryCompileExec2778745313.dir/CheckIncludeFile.c.o   -c /Users/matthewfonken/Desktop/opencv-2.4.10/staticlibs/CMakeFiles/CMakeTmp/CheckIncludeFile.c
/Users/matthewfonken/Desktop/opencv-2.4.10/staticlibs/CMakeFiles/CMakeTmp/CheckIncludeFile.c:1:10: fatal error: 'linux/videodev2.h' file not found
#include <linux/videodev2.h>
         ^
1 error generated.
make[1]: *** [CMakeFiles/cmTryCompileExec2778745313.dir/CheckIncludeFile.c.o] Error 1
make: *** [cmTryCompileExec2778745313/fast] Error 2


Determining if the include file sys/videoio.h exists failed with the following output:
Change Dir: /Users/matthewfonken/Desktop/opencv-2.4.10/staticlibs/CMakeFiles/CMakeTmp

Run Build Command:"/usr/bin/make" "cmTryCompileExec1800328625/fast"
/Applications/Xcode.app/Contents/Developer/usr/bin/make -f CMakeFiles/cmTryCompileExec1800328625.dir/build.make CMakeFiles/cmTryCompileExec1800328625.dir/build
/Applications/CMake.app/Contents/bin/cmake -E cmake_progress_report /Users/matthewfonken/Desktop/opencv-2.4.10/staticlibs/CMakeFiles/CMakeTmp/CMakeFiles 1
Building C object CMakeFiles/cmTryCompileExec1800328625.dir/CheckIncludeFile.c.o
/usr/bin/cc   -fsigned-char -W -Werror=return-type -Werror=address -Werror=sequence-point -Wformat -Werror=format-security -Wmissing-declarations -Wmissing-prototypes -Wstrict-prototypes -Wundef -Winit-self -Wpointer-arith -Wshadow -Wsign-promo -Wno-narrowing -Wno-delete-non-virtual-dtor -Wno-unnamed-type-template-args -fdiagnostics-show-option -Wno-long-long -fno-omit-frame-pointer -msse -msse2 -msse3  -O3 -DNDEBUG -isysroot /Applications/Xcode.app/Contents/Developer/Platforms/MacOSX.platform/Developer/SDKs/MacOSX10.10.sdk   -o CMakeFiles/cmTryCompileExec1800328625.dir/CheckIncludeFile.c.o   -c /Users/matthewfonken/Desktop/opencv-2.4.10/staticlibs/CMakeFiles/CMakeTmp/CheckIncludeFile.c
/Users/matthewfonken/Desktop/opencv-2.4.10/staticlibs/CMakeFiles/CMakeTmp/CheckIncludeFile.c:1:10: fatal error: 'sys/videoio.h' file not found
#include <sys/videoio.h>
         ^
1 error generated.
make[1]: *** [CMakeFiles/cmTryCompileExec1800328625.dir/CheckIncludeFile.c.o] Error 1
make: *** [cmTryCompileExec1800328625/fast] Error 2


Determining if the include file libavformat/avformat.h exists failed with the following output:
Change Dir: /Users/matthewfonken/Desktop/opencv-2.4.10/staticlibs/CMakeFiles/CMakeTmp

Run Build Command:"/usr/bin/make" "cmTryCompileExec2004319253/fast"
/Applications/Xcode.app/Contents/Developer/usr/bin/make -f CMakeFiles/cmTryCompileExec2004319253.dir/build.make CMakeFiles/cmTryCompileExec2004319253.dir/build
/Applications/CMake.app/Contents/bin/cmake -E cmake_progress_report /Users/matthewfonken/Desktop/opencv-2.4.10/staticlibs/CMakeFiles/CMakeTmp/CMakeFiles 1
Building C object CMakeFiles/cmTryCompileExec2004319253.dir/CheckIncludeFile.c.o
/usr/bin/cc   -fsigned-char -W -Werror=return-type -Werror=address -Werror=sequence-point -Wformat -Werror=format-security -Wmissing-declarations -Wmissing-prototypes -Wstrict-prototypes -Wundef -Winit-self -Wpointer-arith -Wshadow -Wsign-promo -Wno-narrowing -Wno-delete-non-virtual-dtor -Wno-unnamed-type-template-args -fdiagnostics-show-option -Wno-long-long -fno-omit-frame-pointer -msse -msse2 -msse3  -O3 -DNDEBUG -isysroot /Applications/Xcode.app/Contents/Developer/Platforms/MacOSX.platform/Developer/SDKs/MacOSX10.10.sdk   -o CMakeFiles/cmTryCompileExec2004319253.dir/CheckIncludeFile.c.o   -c /Users/matthewfonken/Desktop/opencv-2.4.10/staticlibs/CMakeFiles/CMakeTmp/CheckIncludeFile.c
/Users/matthewfonken/Desktop/opencv-2.4.10/staticlibs/CMakeFiles/CMakeTmp/CheckIncludeFile.c:1:10: fatal error: 'libavformat/avformat.h' file not found
#include <libavformat/avformat.h>
         ^
1 error generated.
make[1]: *** [CMakeFiles/cmTryCompileExec2004319253.dir/CheckIncludeFile.c.o] Error 1
make: *** [cmTryCompileExec2004319253/fast] Error 2


Determining if the include file ffmpeg/avformat.h exists failed with the following output:
Change Dir: /Users/matthewfonken/Desktop/opencv-2.4.10/staticlibs/CMakeFiles/CMakeTmp

Run Build Command:"/usr/bin/make" "cmTryCompileExec1688078160/fast"
/Applications/Xcode.app/Contents/Developer/usr/bin/make -f CMakeFiles/cmTryCompileExec1688078160.dir/build.make CMakeFiles/cmTryCompileExec1688078160.dir/build
/Applications/CMake.app/Contents/bin/cmake -E cmake_progress_report /Users/matthewfonken/Desktop/opencv-2.4.10/staticlibs/CMakeFiles/CMakeTmp/CMakeFiles 1
Building C object CMakeFiles/cmTryCompileExec1688078160.dir/CheckIncludeFile.c.o
/usr/bin/cc   -fsigned-char -W -Werror=return-type -Werror=address -Werror=sequence-point -Wformat -Werror=format-security -Wmissing-declarations -Wmissing-prototypes -Wstrict-prototypes -Wundef -Winit-self -Wpointer-arith -Wshadow -Wsign-promo -Wno-narrowing -Wno-delete-non-virtual-dtor -Wno-unnamed-type-template-args -fdiagnostics-show-option -Wno-long-long -fno-omit-frame-pointer -msse -msse2 -msse3  -O3 -DNDEBUG -isysroot /Applications/Xcode.app/Contents/Developer/Platforms/MacOSX.platform/Developer/SDKs/MacOSX10.10.sdk   -o CMakeFiles/cmTryCompileExec1688078160.dir/CheckIncludeFile.c.o   -c /Users/matthewfonken/Desktop/opencv-2.4.10/staticlibs/CMakeFiles/CMakeTmp/CheckIncludeFile.c
/Users/matthewfonken/Desktop/opencv-2.4.10/staticlibs/CMakeFiles/CMakeTmp/CheckIncludeFile.c:1:10: fatal error: 'ffmpeg/avformat.h' file not found
#include <ffmpeg/avformat.h>
         ^
1 error generated.
make[1]: *** [CMakeFiles/cmTryCompileExec1688078160.dir/CheckIncludeFile.c.o] Error 1
make: *** [cmTryCompileExec1688078160/fast] Error 2


Determining if the include file linux/videodev.h exists failed with the following output:
Change Dir: /Users/matthewfonken/Desktop/opencv-2.4.10/staticlibs/CMakeFiles/CMakeTmp

Run Build Command:"/usr/bin/make" "cmTryCompileExec4209557910/fast"
/Applications/Xcode.app/Contents/Developer/usr/bin/make -f CMakeFiles/cmTryCompileExec4209557910.dir/build.make CMakeFiles/cmTryCompileExec4209557910.dir/build
/Applications/CMake.app/Contents/bin/cmake -E cmake_progress_report /Users/matthewfonken/Desktop/opencv-2.4.10/staticlibs/CMakeFiles/CMakeTmp/CMakeFiles 1
Building C object CMakeFiles/cmTryCompileExec4209557910.dir/CheckIncludeFile.c.o
/usr/bin/cc   -fPIC   -fsigned-char -W -Werror=return-type -Werror=address -Werror=sequence-point -Wformat -Werror=format-security -Wmissing-declarations -Wmissing-prototypes -Wstrict-prototypes -Wundef -Winit-self -Wpointer-arith -Wshadow -Wsign-promo -Wno-narrowing -Wno-delete-non-virtual-dtor -Wno-unnamed-type-template-args -fdiagnostics-show-option -Wno-long-long -fno-omit-frame-pointer -msse -msse2 -msse3  -O3 -DNDEBUG -arch x86_64 -isysroot /Applications/Xcode.app/Contents/Developer/Platforms/MacOSX.platform/Developer/SDKs/MacOSX10.10.sdk   -o CMakeFiles/cmTryCompileExec4209557910.dir/CheckIncludeFile.c.o   -c /Users/matthewfonken/Desktop/opencv-2.4.10/staticlibs/CMakeFiles/CMakeTmp/CheckIncludeFile.c
/Users/matthewfonken/Desktop/opencv-2.4.10/staticlibs/CMakeFiles/CMakeTmp/CheckIncludeFile.c:1:10: fatal error: 'linux/videodev.h' file not found
#include <linux/videodev.h>
         ^
1 error generated.
make[1]: *** [CMakeFiles/cmTryCompileExec4209557910.dir/CheckIncludeFile.c.o] Error 1
make: *** [cmTryCompileExec4209557910/fast] Error 2


Determining if the include file linux/videodev2.h exists failed with the following output:
Change Dir: /Users/matthewfonken/Desktop/opencv-2.4.10/staticlibs/CMakeFiles/CMakeTmp

Run Build Command:"/usr/bin/make" "cmTryCompileExec2680495855/fast"
/Applications/Xcode.app/Contents/Developer/usr/bin/make -f CMakeFiles/cmTryCompileExec2680495855.dir/build.make CMakeFiles/cmTryCompileExec2680495855.dir/build
/Applications/CMake.app/Contents/bin/cmake -E cmake_progress_report /Users/matthewfonken/Desktop/opencv-2.4.10/staticlibs/CMakeFiles/CMakeTmp/CMakeFiles 1
Building C object CMakeFiles/cmTryCompileExec2680495855.dir/CheckIncludeFile.c.o
/usr/bin/cc   -fPIC   -fsigned-char -W -Werror=return-type -Werror=address -Werror=sequence-point -Wformat -Werror=format-security -Wmissing-declarations -Wmissing-prototypes -Wstrict-prototypes -Wundef -Winit-self -Wpointer-arith -Wshadow -Wsign-promo -Wno-narrowing -Wno-delete-non-virtual-dtor -Wno-unnamed-type-template-args -fdiagnostics-show-option -Wno-long-long -fno-omit-frame-pointer -msse -msse2 -msse3  -O3 -DNDEBUG -arch x86_64 -isysroot /Applications/Xcode.app/Contents/Developer/Platforms/MacOSX.platform/Developer/SDKs/MacOSX10.10.sdk   -o CMakeFiles/cmTryCompileExec2680495855.dir/CheckIncludeFile.c.o   -c /Users/matthewfonken/Desktop/opencv-2.4.10/staticlibs/CMakeFiles/CMakeTmp/CheckIncludeFile.c
/Users/matthewfonken/Desktop/opencv-2.4.10/staticlibs/CMakeFiles/CMakeTmp/CheckIncludeFile.c:1:10: fatal error: 'linux/videodev2.h' file not found
#include <linux/videodev2.h>
         ^
1 error generated.
make[1]: *** [CMakeFiles/cmTryCompileExec2680495855.dir/CheckIncludeFile.c.o] Error 1
make: *** [cmTryCompileExec2680495855/fast] Error 2


Determining if the include file sys/videoio.h exists failed with the following output:
Change Dir: /Users/matthewfonken/Desktop/opencv-2.4.10/staticlibs/CMakeFiles/CMakeTmp

Run Build Command:"/usr/bin/make" "cmTryCompileExec3567458334/fast"
/Applications/Xcode.app/Contents/Developer/usr/bin/make -f CMakeFiles/cmTryCompileExec3567458334.dir/build.make CMakeFiles/cmTryCompileExec3567458334.dir/build
/Applications/CMake.app/Contents/bin/cmake -E cmake_progress_report /Users/matthewfonken/Desktop/opencv-2.4.10/staticlibs/CMakeFiles/CMakeTmp/CMakeFiles 1
Building C object CMakeFiles/cmTryCompileExec3567458334.dir/CheckIncludeFile.c.o
/usr/bin/cc   -fPIC   -fsigned-char -W -Werror=return-type -Werror=address -Werror=sequence-point -Wformat -Werror=format-security -Wmissing-declarations -Wmissing-prototypes -Wstrict-prototypes -Wundef -Winit-self -Wpointer-arith -Wshadow -Wsign-promo -Wno-narrowing -Wno-delete-non-virtual-dtor -Wno-unnamed-type-template-args -fdiagnostics-show-option -Wno-long-long -fno-omit-frame-pointer -msse -msse2 -msse3  -O3 -DNDEBUG -arch x86_64 -isysroot /Applications/Xcode.app/Contents/Developer/Platforms/MacOSX.platform/Developer/SDKs/MacOSX10.10.sdk   -o CMakeFiles/cmTryCompileExec3567458334.dir/CheckIncludeFile.c.o   -c /Users/matthewfonken/Desktop/opencv-2.4.10/staticlibs/CMakeFiles/CMakeTmp/CheckIncludeFile.c
/Users/matthewfonken/Desktop/opencv-2.4.10/staticlibs/CMakeFiles/CMakeTmp/CheckIncludeFile.c:1:10: fatal error: 'sys/videoio.h' file not found
#include <sys/videoio.h>
         ^
1 error generated.
make[1]: *** [CMakeFiles/cmTryCompileExec3567458334.dir/CheckIncludeFile.c.o] Error 1
make: *** [cmTryCompileExec3567458334/fast] Error 2


